<?xml version="1.0" encoding="UTF-8"?>
<!-- Generated by org.testng.reporters.JUnitReportReporter -->
<testsuite hostname="LAPTOP-HBBSHIBP" name="com.imd.qa.testcases.FramePageTest" tests="1" failures="0" timestamp="8 Dec 2019 15:06:29 GMT" time="11.898" errors="0">
  <testcase name="validateiFrameEnteredTextTest" time="11.898" classname="com.imd.qa.testcases.FramePageTest"/>
</testsuite> <!-- com.imd.qa.testcases.FramePageTest -->
