<?xml version="1.0" encoding="UTF-8"?>
<!-- Generated by org.testng.reporters.JUnitReportReporter -->
<testsuite hostname="LAPTOP-HBBSHIBP" name="com.imd.qa.testcases.LoginPageTest" tests="3" failures="0" timestamp="8 Dec 2019 15:06:29 GMT" time="30.174" errors="0">
  <testcase name="loginSuccessMessageTest" time="11.993" classname="com.imd.qa.testcases.LoginPageTest"/>
  <testcase name="loginPageTitleTest" time="8.251" classname="com.imd.qa.testcases.LoginPageTest"/>
  <testcase name="loginFailureMessageTest" time="9.930" classname="com.imd.qa.testcases.LoginPageTest"/>
</testsuite> <!-- com.imd.qa.testcases.LoginPageTest -->
