<?xml version="1.0" encoding="UTF-8"?>
<!-- Generated by org.testng.reporters.JUnitReportReporter -->
<testsuite hostname="LAPTOP-HBBSHIBP" name="com.imd.qa.testcases.SecureAreaPageTest" tests="2" failures="0" timestamp="8 Dec 2019 15:06:29 GMT" time="20.249" errors="0">
  <testcase name="secureAreaPageTitleTest" time="10.798" classname="com.imd.qa.testcases.SecureAreaPageTest"/>
  <testcase name="loginSuccessMessageTest" time="9.451" classname="com.imd.qa.testcases.SecureAreaPageTest"/>
</testsuite> <!-- com.imd.qa.testcases.SecureAreaPageTest -->
