<?xml version="1.0" encoding="UTF-8"?>
<!-- Generated by org.testng.reporters.JUnitReportReporter -->
<testsuite hostname="LAPTOP-HBBSHIBP" name="com.imd.qa.testcases.FileUploadPageTest" tests="1" failures="0" timestamp="8 Dec 2019 15:06:29 GMT" time="13.945" errors="0">
  <testcase name="validateFileUploadConfirmMessageTest" time="13.945" classname="com.imd.qa.testcases.FileUploadPageTest"/>
</testsuite> <!-- com.imd.qa.testcases.FileUploadPageTest -->
