<?xml version="1.0" encoding="UTF-8"?>
<!-- Generated by org.testng.reporters.JUnitReportReporter -->
<testsuite hostname="LAPTOP-HBBSHIBP" name="com.imd.qa.testcases.JavaScriptAlertsPageTest" tests="3" failures="0" timestamp="8 Dec 2019 15:06:29 GMT" time="46.981" errors="0">
  <testcase name="validateJSConfirmOkButtonClickTest" time="19.019" classname="com.imd.qa.testcases.JavaScriptAlertsPageTest"/>
  <testcase name="validateJSPromptCancelButtonClickTest" time="12.220" classname="com.imd.qa.testcases.JavaScriptAlertsPageTest"/>
  <testcase name="validateJSPromptOkButtonClickTest" time="15.742" classname="com.imd.qa.testcases.JavaScriptAlertsPageTest"/>
</testsuite> <!-- com.imd.qa.testcases.JavaScriptAlertsPageTest -->
